<?xml version="1.0" encoding="utf-8"?><testsuites><testsuite name="pytest" errors="0" failures="0" skipped="1" tests="10" time="0.238" timestamp="2025-09-16T14:38:48.317444" hostname="MSI"><testcase classname="sam_diving_controller.test.test_copyright" name="test_copyright" time="0.000"><skipped type="pytest.skip" message="No copyright header has been placed in the generated source file.">/home/mart/colcon_ws/src/smarc2/behaviours/sam/sam_diving_controller/test/test_copyright.py:20: No copyright header has been placed in the generated source file.</skipped></testcase><testcase classname="sam_diving_controller.test.controllers.test_ONNXManager" name="test_model_load" time="0.006" /><testcase classname="sam_diving_controller.test.controllers.test_ONNXManager" name="test_get_control_dummy" time="0.006" /><testcase classname="sam_diving_controller.test.controllers.test_ONNXManager" name="test_get_control_scaled" time="0.004" /><testcase classname="sam_diving_controller.test.controllers.test_ONNXManager" name="test_rescale_outputs_zeros" time="0.004" /><testcase classname="sam_diving_controller.test.controllers.test_ONNXManager" name="test_rescale_outputs_outofrange_min" time="0.005" /><testcase classname="sam_diving_controller.test.controllers.test_ONNXManager" name="test_rescale_outputs_outofrange_max" time="0.004" /><testcase classname="sam_diving_controller.test.controllers.test_ONNXManager" name="test_rescale_outputs_testset" time="0.008" /><testcase classname="sam_diving_controller.test.controllers.test_ONNXManager" name="test_rescale_outputs_customconfig_testset" time="0.004" /><testcase classname="sam_diving_controller.test.controllers.test_ONNXManager" name="test_prepare_state" time="0.028" /></testsuite></testsuites>